<?xml version="1.0" encoding="utf-8"?><testsuites><testsuite name="pytest" errors="0" failures="0" skipped="0" tests="6" time="0.224" timestamp="2023-03-28T21:49:15.502909" hostname="NLP-2B01333"><testcase classname="python_TDD.tests.test_bytebank.TestClass" name="test_quando_idade_recebe_22_07_2000_deve_retornar_23" time="0.002" /><testcase classname="python_TDD.tests.test_bytebank.TestClass" name="test_quando_nome_recebe_Milena_Costa_de_Sousa_deve_retornar_Milena_Costa_de_Sousa" time="0.001" /><testcase classname="python_TDD.tests.test_bytebank.TestClass" name="test_quando_sobrenome_recebe_Milena_Costa_de_Sousa_deve_retornar_Sousa" time="0.001" /><testcase classname="python_TDD.tests.test_bytebank.TestClass" name="test_quando_decrescimo_salario_recebe_100000_deve_retornar_90000" time="0.002" /><testcase classname="python_TDD.tests.test_bytebank.TestClass" name="test_quando_calcular_bonus_recebe_ateh_1000_deve_retornar_100" time="0.001" /><testcase classname="python_TDD.tests.test_bytebank.TestClass" name="test_quando_calcular_bonus_recebe_mais_do_que_10000_deve_retornar_exception" time="0.001" /></testsuite></testsuites>